  [match         ] id=6851 sdamgia:10503 ext_ok=True rar/32922115b
  [match         ] id=6852 sdamgia:10506 ext_ok=True rar/32922115b
  [match         ] id=6853 sdamgia:10509 ext_ok=True rar/32922115b
  [weak          ] id=6854 sdamgia:10511 ext_ok=None rar/32922115b
  [weak          ] id=6855 sdamgia:10513 ext_ok=None rar/32922115b
  [mismatch      ] id=6856 sdamgia:10515 ext_ok=None rar/32922115b
  [weak          ] id=6857 sdamgia:10517 ext_ok=None rar/32922115b
  [weak          ] id=6858 sdamgia:10520 ext_ok=None rar/32922115b
  [mismatch      ] id=6859 sdamgia:10523 ext_ok=None rar/32922115b
  [mismatch      ] id=6860 sdamgia:10531 ext_ok=None rar/32922115b
  [mismatch      ] id=6861 sdamgia:10532 ext_ok=None rar/32922115b
  [mismatch      ] id=6862 sdamgia:10533 ext_ok=None rar/32922115b
  [mismatch      ] id=6863 sdamgia:10534 ext_ok=None rar/32922115b
  [mismatch      ] id=6864 sdamgia:18220 ext_ok=None rar/5160921b
  [mismatch      ] id=6865 sdamgia:18235 ext_ok=None rar/5160921b
  [mismatch      ] id=6866 sdamgia:37200 ext_ok=None rar/36967783b
  [mismatch      ] id=6867 sdamgia:37264 ext_ok=None rar/36969573b
  [mismatch      ] id=6868 sdamgia:37336 ext_ok=None rar/36967738b
  [mismatch      ] id=6869 sdamgia:43449 ext_ok=None rar/36967646b
  [mismatch      ] id=6870 sdamgia:43588 ext_ok=None rar/36967738b
  [mismatch      ] id=6871 sdamgia:43644 ext_ok=None rar/36967738b
  [mismatch      ] id=6872 sdamgia:43776 ext_ok=None rar/36967738b
  [mismatch      ] id=6873 sdamgia:10536 ext_ok=None rar/32922115b
  [mismatch      ] id=6874 sdamgia:10565 ext_ok=None rar/32922115b
  [weak          ] id=6875 sdamgia:11304 ext_ok=None rar/3125774b
  [weak          ] id=6876 sdamgia:11305 ext_ok=None rar/3125774b
  [weak          ] id=6877 sdamgia:11306 ext_ok=None rar/3125774b
  [weak          ] id=6878 sdamgia:11307 ext_ok=None rar/3125774b
  [weak          ] id=6879 sdamgia:11308 ext_ok=None rar/2309668b
  [weak          ] id=6880 sdamgia:11310 ext_ok=None rar/1680399b
  [weak          ] id=6881 sdamgia:10504 ext_ok=None rar/32922115b
  [weak          ] id=6882 sdamgia:10507 ext_ok=None rar/32922115b
  [weak          ] id=6883 sdamgia:10510 ext_ok=None rar/32922115b
  [weak          ] id=6884 sdamgia:10512 ext_ok=None rar/32922115b
  [weak          ] id=6885 sdamgia:10514 ext_ok=None rar/32922115b
  [weak          ] id=6886 sdamgia:10516 ext_ok=None rar/32922115b
  [weak          ] id=6887 sdamgia:10518 ext_ok=None rar/32922115b
  [weak          ] id=6888 sdamgia:10522 ext_ok=None rar/32922115b
  [weak          ] id=6889 sdamgia:10524 ext_ok=None rar/32922115b
  [weak          ] id=6890 sdamgia:10596 ext_ok=None rar/32922115b
  [weak          ] id=6891 sdamgia:10597 ext_ok=None rar/32922115b
  [weak          ] id=6892 sdamgia:10598 ext_ok=None rar/32922115b
  [weak          ] id=6893 sdamgia:11325 ext_ok=None rar/8740905b
  [weak          ] id=6894 sdamgia:11326 ext_ok=None rar/8740905b
  [weak          ] id=6895 sdamgia:11327 ext_ok=None rar/8740905b
  [weak          ] id=6896 sdamgia:11328 ext_ok=None rar/8740905b
  [mismatch      ] id=6897 sdamgia:11331 ext_ok=None rar/163369b
  [mismatch      ] id=6898 sdamgia:12861 ext_ok=None rar/10335974b
  [mismatch      ] id=6899 sdamgia:18221 ext_ok=None rar/8296524b
  [mismatch      ] id=6900 sdamgia:18236 ext_ok=None rar/8296524b
  [mismatch      ] id=6901 sdamgia:18251 ext_ok=None rar/7518657b
  [mismatch      ] id=6902 sdamgia:18266 ext_ok=None rar/7518657b
  [mismatch      ] id=6903 sdamgia:18281 ext_ok=None rar/6421690b
  [mismatch      ] id=6904 sdamgia:18296 ext_ok=None rar/6420998b
  [mismatch      ] id=6905 sdamgia:37265 ext_ok=None rar/45269687b
  [mismatch      ] id=6906 sdamgia:37280 ext_ok=None rar/45269687b
  [weak          ] id=6907 sdamgia:10599 ext_ok=None rar/32922115b
  [weak          ] id=6908 sdamgia:10600 ext_ok=None rar/32922115b
  [weak          ] id=6909 sdamgia:10601 ext_ok=None rar/32922115b
  [weak          ] id=6910 sdamgia:11322 ext_ok=None rar/8740905b
  [mismatch      ] id=6946 sdamgia:10566 ext_ok=None ods/23087b
  [mismatch      ] id=6947 sdamgia:10566 ext_ok=None ods/23087b
  [mismatch      ] id=6948 sdamgia:10567 ext_ok=None ods/29574b
  [mismatch      ] id=6949 sdamgia:10567 ext_ok=None ods/29574b
  [mismatch      ] id=6950 sdamgia:10568 ext_ok=None ods/29154b
  [mismatch      ] id=6951 sdamgia:10568 ext_ok=None ods/29154b
  [mismatch      ] id=6952 sdamgia:10569 ext_ok=None ods/29231b
  [mismatch      ] id=6953 sdamgia:10569 ext_ok=None ods/29231b
  [mismatch      ] id=6954 sdamgia:10570 ext_ok=None ods/29715b
  [mismatch      ] id=6955 sdamgia:10570 ext_ok=None ods/29715b
  [weak          ] id=6956 sdamgia:10571 ext_ok=None ods/29716b
  [mismatch      ] id=6957 sdamgia:10571 ext_ok=None ods/29716b
  [mismatch      ] id=6958 sdamgia:10572 ext_ok=None ods/31037b
  [mismatch      ] id=6959 sdamgia:10572 ext_ok=None ods/31037b
  [weak          ] id=6960 sdamgia:10573 ext_ok=None ods/13364b
  [weak          ] id=6961 sdamgia:10573 ext_ok=None ods/13364b
  [match         ] id=6962 sdamgia:10574 ext_ok=None ods/13401b
  [weak          ] id=6963 sdamgia:10574 ext_ok=None ods/13401b
  [weak          ] id=6964 sdamgia:10575 ext_ok=None ods/13382b
  [weak          ] id=6965 sdamgia:10575 ext_ok=None ods/13382b
  [weak          ] id=6966 sdamgia:10576 ext_ok=None ods/13381b
  [weak          ] id=6967 sdamgia:10576 ext_ok=None ods/13381b
  [weak          ] id=6968 sdamgia:10577 ext_ok=None ods/13121b
  [weak          ] id=6969 sdamgia:10577 ext_ok=None ods/13121b
  [weak          ] id=6970 sdamgia:10578 ext_ok=None ods/13121b
  [weak          ] id=6971 sdamgia:10578 ext_ok=None ods/13121b
  [weak          ] id=6972 sdamgia:10579 ext_ok=None ods/11352b
  [weak          ] id=6973 sdamgia:10579 ext_ok=None ods/11352b
  [weak          ] id=6974 sdamgia:10580 ext_ok=None ods/11342b
  [weak          ] id=6975 sdamgia:10580 ext_ok=None ods/11342b
  [mismatch      ] id=6976 sdamgia:11040 ext_ok=None ods/11915b
  [mismatch      ] id=6977 sdamgia:11040 ext_ok=None ods/11915b
  [mismatch      ] id=6978 sdamgia:11041 ext_ok=None ods/11915b
  [mismatch      ] id=6979 sdamgia:11041 ext_ok=None ods/11915b
  [weak          ] id=6980 sdamgia:11042 ext_ok=None ods/8953b
  [weak          ] id=6981 sdamgia:11042 ext_ok=None ods/8953b
  [weak          ] id=6982 sdamgia:11044 ext_ok=None ods/9129b
  [weak          ] id=6983 sdamgia:11044 ext_ok=None ods/9129b
  [mismatch      ] id=6984 sdamgia:11046 ext_ok=None ods/29530b
  [mismatch      ] id=6985 sdamgia:11046 ext_ok=None ods/29530b
  [mismatch      ] id=6986 sdamgia:11047 ext_ok=None ods/29529b
  [mismatch      ] id=6987 sdamgia:11047 ext_ok=None ods/29529b
  [weak          ] id=6988 sdamgia:11048 ext_ok=None ods/16522b
  [mismatch      ] id=6989 sdamgia:11048 ext_ok=None ods/16522b
  [weak          ] id=6990 sdamgia:11050 ext_ok=None ods/16522b
  [mismatch      ] id=6991 sdamgia:11050 ext_ok=None ods/16522b
  [mismatch      ] id=6992 sdamgia:11051 ext_ok=None ods/16522b
  [mismatch      ] id=6993 sdamgia:11051 ext_ok=None ods/16522b
  [match         ] id=6994 sdamgia:11054 ext_ok=None ods/33441b
  [weak          ] id=6995 sdamgia:11054 ext_ok=None ods/33441b

Итого: {'match': 5, 'weak': 53, 'mismatch': 52}
Сохранено: reviews\tsk392-oge\fetched_sdamgia.json
