Файлов к загрузке: 43; лимит на файл: 52 МБ
  [ok ] 1/43 044f4a219b11.ods — уже в хранилище
  [ok ] 2/43 06daf218b33a.ods — уже в хранилище
  [ok ] 3/43 0897172295b4.rar 36968 КБ — HTTP 200, Content-Length=36967738
  [ok ] 4/43 0a89d022a763.rar 7519 КБ — HTTP 200, Content-Length=7518657
  [ok ] 5/43 0afe37a23d1a.ods — уже в хранилище
  [ok ] 6/43 12de4cf3b56d.rar 8297 КБ — HTTP 200, Content-Length=8296524
  [ok ] 7/43 1f2f765b195e.ods — уже в хранилище
  [ok ] 8/43 2eb8f2a6914f.rar 45270 КБ — HTTP 200, Content-Length=45269687
  [ok ] 9/43 370c7886fb46.ods — уже в хранилище
  [ok ] 10/43 38caa58d4cbf.rar 36970 КБ — HTTP 200, Content-Length=36969573
  [ok ] 11/43 3e481f01b36f.ods — уже в хранилище
  [ok ] 12/43 450812d811c4.ods — уже в хранилище
  [ok ] 13/43 5059349ef787.ods — уже в хранилище
  [ok ] 14/43 505e15148d17.rar 8741 КБ — HTTP 200, Content-Length=8740905
  [ok ] 15/43 66c1990af6af.rar 6422 КБ — HTTP 200, Content-Length=6421690
  [ok ] 16/43 6879543fe7dc.ods — уже в хранилище
  [ok ] 17/43 6eb3ef5d2b9e.ods — уже в хранилище
  [ok ] 18/43 723f41e13dc0.ods — уже в хранилище
  [ok ] 19/43 72be0558627d.rar 5161 КБ — HTTP 200, Content-Length=5160921
  [ok ] 20/43 85e056fe919d.ods — уже в хранилище
  [ok ] 21/43 8625d09fee4c.ods — уже в хранилище
  [ok ] 22/43 88207fcecada.rar 6421 КБ — HTTP 200, Content-Length=6420998
  [ok ] 23/43 98fb7ee5fc94.ods — уже в хранилище
  [ok ] 24/43 9c063bb00ab3.ods — уже в хранилище
  [ok ] 25/43 9d43da1771c5.ods — уже в хранилище
  [ok ] 26/43 a98a36bc03d3.rar 3126 КБ — HTTP 200, Content-Length=3125774
  [ok ] 27/43 ad63cea84eba.rar 163 КБ — HTTP 200, Content-Length=163369
  [ok ] 28/43 b48bb1fb9531.ods — уже в хранилище
  [ok ] 29/43 b9d9f9fa1f19.rar 2310 КБ — HTTP 200, Content-Length=2309668
  [ok ] 30/43 bd36e00d17b6.ods — уже в хранилище
  [ok ] 31/43 be99979825f8.rar 45270 КБ — HTTP 200, Content-Length=45269687
  [ok ] 32/43 bf7cafda1ad3.ods — уже в хранилище
  [ok ] 33/43 c5b2aed2e5dd.rar 36968 КБ — HTTP 200, Content-Length=36967783
  [ok ] 34/43 c8f62cccb737.rar 1680 КБ — HTTP 200, Content-Length=1680399
  [ok ] 35/43 cae9e567bd65.rar 32922 КБ — HTTP 200, Content-Length=32922115
  [ok ] 36/43 cc7ad5f737fb.ods — уже в хранилище
  [ok ] 37/43 cd90a8e35c57.ods — уже в хранилище
  [ok ] 38/43 df916f23b46a.ods — уже в хранилище
  [ok ] 39/43 e0b661b42764.ods — уже в хранилище
  [ok ] 40/43 e56d5a5d8785.ods — уже в хранилище
  [ok ] 41/43 e8b47563f106.rar 10336 КБ — HTTP 200, Content-Length=10335974
  [ok ] 42/43 ed2cf4320349.ods — уже в хранилище
  [ok ] 43/43 ef7f29feabfb.rar 36968 КБ — HTTP 200, Content-Length=36967646

Загружено и доступно: 43; проблемных: 0
Сохранено: reviews\tsk392-oge\stored.json
